<?xml version="1.0" encoding="UTF-8"?>
<testng-results ignored="0" total="3" passed="2" failed="1" skipped="0">
  <reporter-output>
  </reporter-output>
  <suite started-at="2024-03-04T20:00:32 SGT" name="Surefire suite" finished-at="2024-03-04T20:00:47 SGT" duration-ms="14885">
    <groups>
    </groups>
    <test started-at="2024-03-04T20:00:32 SGT" name="Surefire test" finished-at="2024-03-04T20:00:47 SGT" duration-ms="14885">
      <class name="QEChallenge.UploadCSVFilePageTest">
        <test-method is-config="true" signature="launch()[pri:0, instance:QEChallenge.UploadCSVFilePageTest@7770f470]" started-at="2024-03-04T20:00:32 SGT" name="launch" finished-at="2024-03-04T20:00:38 SGT" duration-ms="5584" status="PASS">
          <reporter-output>
          </reporter-output>
        </test-method> <!-- launch -->
        <test-method signature="test1()[pri:1, instance:QEChallenge.UploadCSVFilePageTest@7770f470]" started-at="2024-03-04T20:00:47 SGT" name="test1" finished-at="2024-03-04T20:00:47 SGT" duration-ms="114" status="FAIL">
          <exception class="java.sql.SQLSyntaxErrorException">
            <message>
              <![CDATA[You have an error in your SQL syntax; check the manual that corresponds to your MySQL server version for the right syntax to use near 'sumitgole;MALE;1956-01-01T23:59:59;NULL;10.10;1.01;9"' at line 1]]>
            </message>
            <full-stacktrace>
              <![CDATA[java.sql.SQLSyntaxErrorException: You have an error in your SQL syntax; check the manual that corresponds to your MySQL server version for the right syntax to use near 'sumitgole;MALE;1956-01-01T23:59:59;NULL;10.10;1.01;9"' at line 1
at com.mysql.cj.jdbc.exceptions.SQLError.createSQLException(SQLError.java:121)
at com.mysql.cj.jdbc.exceptions.SQLExceptionsMapping.translateException(SQLExceptionsMapping.java:122)
at com.mysql.cj.jdbc.StatementImpl.executeQuery(StatementImpl.java:1200)
at QEChallenge.pages.UploadCSVFilePage.validateCSVagainstDB(UploadCSVFilePage.java:106)
at QEChallenge.UploadCSVFilePageTest.test1(UploadCSVFilePageTest.java:85)
at java.base/jdk.internal.reflect.DirectMethodHandleAccessor.invoke(DirectMethodHandleAccessor.java:103)
at java.base/java.lang.reflect.Method.invoke(Method.java:580)
at org.testng.internal.invokers.MethodInvocationHelper.invokeMethod(MethodInvocationHelper.java:139)
at org.testng.internal.invokers.TestInvoker.invokeMethod(TestInvoker.java:664)
at org.testng.internal.invokers.TestInvoker.invokeTestMethod(TestInvoker.java:228)
at org.testng.internal.invokers.MethodRunner.runInSequence(MethodRunner.java:63)
at org.testng.internal.invokers.TestInvoker$MethodInvocationAgent.invoke(TestInvoker.java:961)
at org.testng.internal.invokers.TestInvoker.invokeTestMethods(TestInvoker.java:201)
at org.testng.internal.invokers.TestMethodWorker.invokeTestMethods(TestMethodWorker.java:148)
at org.testng.internal.invokers.TestMethodWorker.run(TestMethodWorker.java:128)
at java.base/java.util.ArrayList.forEach(ArrayList.java:1596)
at org.testng.TestRunner.privateRun(TestRunner.java:819)
at org.testng.TestRunner.run(TestRunner.java:619)
at org.testng.SuiteRunner.runTest(SuiteRunner.java:443)
at org.testng.SuiteRunner.runSequentially(SuiteRunner.java:437)
at org.testng.SuiteRunner.privateRun(SuiteRunner.java:397)
at org.testng.SuiteRunner.run(SuiteRunner.java:336)
at org.testng.SuiteRunnerWorker.runSuite(SuiteRunnerWorker.java:52)
at org.testng.SuiteRunnerWorker.run(SuiteRunnerWorker.java:95)
at org.testng.TestNG.runSuitesSequentially(TestNG.java:1301)
at org.testng.TestNG.runSuitesLocally(TestNG.java:1228)
at org.testng.TestNG.runSuites(TestNG.java:1134)
at org.testng.TestNG.run(TestNG.java:1101)
at org.apache.maven.surefire.testng.TestNGExecutor.run(TestNGExecutor.java:155)
at org.apache.maven.surefire.testng.TestNGDirectoryTestSuite.executeMulti(TestNGDirectoryTestSuite.java:169)
at org.apache.maven.surefire.testng.TestNGDirectoryTestSuite.execute(TestNGDirectoryTestSuite.java:88)
at org.apache.maven.surefire.testng.TestNGProvider.invoke(TestNGProvider.java:137)
at org.apache.maven.surefire.booter.ForkedBooter.runSuitesInProcess(ForkedBooter.java:385)
at org.apache.maven.surefire.booter.ForkedBooter.execute(ForkedBooter.java:162)
at org.apache.maven.surefire.booter.ForkedBooter.run(ForkedBooter.java:507)
at org.apache.maven.surefire.booter.ForkedBooter.main(ForkedBooter.java:495)
]]>
            </full-stacktrace>
          </exception> <!-- java.sql.SQLSyntaxErrorException -->
          <reporter-output>
          </reporter-output>
        </test-method> <!-- test1 -->
      </class> <!-- QEChallenge.UploadCSVFilePageTest -->
      <class name="QEChallenge.LoginPageTest">
        <test-method is-config="true" signature="launch()[pri:0, instance:QEChallenge.LoginPageTest@247bddad]" started-at="2024-03-04T20:00:42 SGT" name="launch" finished-at="2024-03-04T20:00:45 SGT" duration-ms="3643" status="PASS">
          <reporter-output>
          </reporter-output>
        </test-method> <!-- launch -->
        <test-method signature="loginToApp()[pri:0, instance:QEChallenge.LoginPageTest@247bddad]" started-at="2024-03-04T20:00:45 SGT" name="loginToApp" finished-at="2024-03-04T20:00:46 SGT" duration-ms="980" status="PASS">
          <reporter-output>
          </reporter-output>
        </test-method> <!-- loginToApp -->
        <test-method is-config="true" signature="closeDriver()[pri:0, instance:QEChallenge.LoginPageTest@247bddad]" started-at="2024-03-04T20:00:46 SGT" name="closeDriver" finished-at="2024-03-04T20:00:47 SGT" duration-ms="563" status="PASS">
          <reporter-output>
          </reporter-output>
        </test-method> <!-- closeDriver -->
      </class> <!-- QEChallenge.LoginPageTest -->
      <class name="QEChallenge.ClerkHomePageTest">
        <test-method is-config="true" signature="launch()[pri:0, instance:QEChallenge.ClerkHomePageTest@682b2fa]" started-at="2024-03-04T20:00:38 SGT" name="launch" finished-at="2024-03-04T20:00:41 SGT" duration-ms="3343" status="PASS">
          <reporter-output>
          </reporter-output>
        </test-method> <!-- launch -->
        <test-method signature="navigateToFileUpload()[pri:0, instance:QEChallenge.ClerkHomePageTest@682b2fa]" started-at="2024-03-04T20:00:41 SGT" name="navigateToFileUpload" finished-at="2024-03-04T20:00:42 SGT" duration-ms="525" status="PASS">
          <reporter-output>
          </reporter-output>
        </test-method> <!-- navigateToFileUpload -->
      </class> <!-- QEChallenge.ClerkHomePageTest -->
    </test> <!-- Surefire test -->
  </suite> <!-- Surefire suite -->
</testng-results>
