<?xml version="1.0" encoding="UTF-8"?>
<!-- Generated by org.testng.reporters.JUnitXMLReporter -->
<testsuite ignored="0" hostname="Advik" failures="1" tests="3" name="Surefire test" time="14.885" errors="0" timestamp="2024-03-04T20:00:47 SGT">
  <testcase classname="QEChallenge.ClerkHomePageTest" name="navigateToFileUpload" time="0.525"/>
  <testcase classname="QEChallenge.LoginPageTest" name="loginToApp" time="0.98"/>
  <testcase classname="QEChallenge.UploadCSVFilePageTest" name="test1" time="0.114">
    <failure type="java.sql.SQLSyntaxErrorException" message="You have an error in your SQL syntax; check the manual that corresponds to your MySQL server version for the right syntax to use near &amp;apos;sumitgole;MALE;1956-01-01T23:59:59;NULL;10.10;1.01;9&amp;quot;&amp;apos; at line 1">
      <![CDATA[java.sql.SQLSyntaxErrorException: You have an error in your SQL syntax; check the manual that corresponds to your MySQL server version for the right syntax to use near 'sumitgole;MALE;1956-01-01T23:59:59;NULL;10.10;1.01;9"' at line 1
at com.mysql.cj.jdbc.exceptions.SQLError.createSQLException(SQLError.java:121)
at com.mysql.cj.jdbc.exceptions.SQLExceptionsMapping.translateException(SQLExceptionsMapping.java:122)
at com.mysql.cj.jdbc.StatementImpl.executeQuery(StatementImpl.java:1200)
at QEChallenge.pages.UploadCSVFilePage.validateCSVagainstDB(UploadCSVFilePage.java:106)
at QEChallenge.UploadCSVFilePageTest.test1(UploadCSVFilePageTest.java:85)
at java.base/java.util.ArrayList.forEach(ArrayList.java:1596)
... Removed 30 stack frames]]>
    </failure>
  </testcase> <!-- test1 -->
</testsuite> <!-- Surefire test -->
