<?xml version="1.0" encoding="UTF-8"?>
<testng-results ignored="0" total="3" passed="2" failed="1" skipped="0">
  <reporter-output>
  </reporter-output>
  <suite started-at="2024-03-06T09:29:51 SGT" name="Default suite" finished-at="2024-03-06T09:30:09 SGT" duration-ms="18812">
    <groups>
    </groups>
    <test started-at="2024-03-06T09:29:51 SGT" name="Default test" finished-at="2024-03-06T09:30:09 SGT" duration-ms="18812">
      <class name="QEChallenge.UploadCSVFilePageTest">
        <test-method is-config="true" signature="launch()[pri:0, instance:QEChallenge.UploadCSVFilePageTest@62379589]" started-at="2024-03-06T09:29:51 SGT" name="launch" finished-at="2024-03-06T09:30:01 SGT" duration-ms="10078" status="PASS">
          <reporter-output>
          </reporter-output>
        </test-method> <!-- launch -->
        <test-method signature="navigateToFileUpload()[pri:1, instance:QEChallenge.UploadCSVFilePageTest@62379589]" started-at="2024-03-06T09:30:01 SGT" name="navigateToFileUpload" finished-at="2024-03-06T09:30:02 SGT" duration-ms="885" status="PASS">
          <reporter-output>
          </reporter-output>
        </test-method> <!-- navigateToFileUpload -->
        <test-method signature="uploadCSVFile()[pri:2, instance:QEChallenge.UploadCSVFilePageTest@62379589]" started-at="2024-03-06T09:30:02 SGT" name="uploadCSVFile" finished-at="2024-03-06T09:30:05 SGT" duration-ms="3199" status="FAIL">
          <exception class="junit.framework.AssertionFailedError">
            <full-stacktrace>
              <![CDATA[junit.framework.AssertionFailedError
at junit.framework.Assert.fail(Assert.java:47)
at junit.framework.Assert.assertTrue(Assert.java:20)
at junit.framework.Assert.assertTrue(Assert.java:27)
at QEChallenge.UploadCSVFilePageTest.uploadCSVFile(UploadCSVFilePageTest.java:76)
at java.base/jdk.internal.reflect.DirectMethodHandleAccessor.invoke(DirectMethodHandleAccessor.java:103)
at java.base/java.lang.reflect.Method.invoke(Method.java:580)
at org.testng.internal.MethodInvocationHelper.invokeMethod(MethodInvocationHelper.java:133)
at org.testng.internal.TestInvoker.invokeMethod(TestInvoker.java:598)
at org.testng.internal.TestInvoker.invokeTestMethod(TestInvoker.java:173)
at org.testng.internal.MethodRunner.runInSequence(MethodRunner.java:46)
at org.testng.internal.TestInvoker$MethodInvocationAgent.invoke(TestInvoker.java:824)
at org.testng.internal.TestInvoker.invokeTestMethods(TestInvoker.java:146)
at org.testng.internal.TestMethodWorker.invokeTestMethods(TestMethodWorker.java:146)
at org.testng.internal.TestMethodWorker.run(TestMethodWorker.java:128)
at java.base/java.util.ArrayList.forEach(ArrayList.java:1596)
at org.testng.TestRunner.privateRun(TestRunner.java:794)
at org.testng.TestRunner.run(TestRunner.java:596)
at org.testng.SuiteRunner.runTest(SuiteRunner.java:377)
at org.testng.SuiteRunner.runSequentially(SuiteRunner.java:371)
at org.testng.SuiteRunner.privateRun(SuiteRunner.java:332)
at org.testng.SuiteRunner.run(SuiteRunner.java:276)
at org.testng.SuiteRunnerWorker.runSuite(SuiteRunnerWorker.java:53)
at org.testng.SuiteRunnerWorker.run(SuiteRunnerWorker.java:96)
at org.testng.TestNG.runSuitesSequentially(TestNG.java:1212)
at org.testng.TestNG.runSuitesLocally(TestNG.java:1134)
at org.testng.TestNG.runSuites(TestNG.java:1063)
at org.testng.TestNG.run(TestNG.java:1031)
at org.testng.remote.AbstractRemoteTestNG.run(AbstractRemoteTestNG.java:115)
at org.testng.remote.RemoteTestNG.initAndRun(RemoteTestNG.java:251)
at org.testng.remote.RemoteTestNG.main(RemoteTestNG.java:77)
]]>
            </full-stacktrace>
          </exception> <!-- junit.framework.AssertionFailedError -->
          <reporter-output>
          </reporter-output>
        </test-method> <!-- uploadCSVFile -->
        <test-method signature="uploadErrorCSVFile()[pri:3, instance:QEChallenge.UploadCSVFilePageTest@62379589]" started-at="2024-03-06T09:30:05 SGT" name="uploadErrorCSVFile" finished-at="2024-03-06T09:30:08 SGT" duration-ms="3008" status="PASS">
          <reporter-output>
          </reporter-output>
        </test-method> <!-- uploadErrorCSVFile -->
        <test-method is-config="true" signature="closeDriver()[pri:0, instance:QEChallenge.UploadCSVFilePageTest@62379589]" started-at="2024-03-06T09:30:08 SGT" name="closeDriver" finished-at="2024-03-06T09:30:09 SGT" duration-ms="1451" status="PASS">
          <reporter-output>
          </reporter-output>
        </test-method> <!-- closeDriver -->
      </class> <!-- QEChallenge.UploadCSVFilePageTest -->
    </test> <!-- Default test -->
  </suite> <!-- Default suite -->
</testng-results>
